 
****************************************
Report : wire loads
Design : mac_dp
Version: P-2019.03-SP5
Date   : Thu Feb 24 11:58:10 2022
****************************************

Wire load model:   area_8Kto9K
Location       :   mac_dp (design)
Resistance     :   5.82357
Capacitance    :   0.8
Area           :   0
Slope          :   0.0010446

                             Average   Standard  % Standard
Fanout   Length   Points         Cap  Deviation   Deviation
--------------------------------------------------------------
     1     0.00                                    
     2     0.00                                    
     3     0.00                                    
     4     0.00                                    
     5     0.01                                    
     6     0.01                                    
     7     0.01                                    
     8     0.01                                    
     9     0.01                                    
    10     0.01                                    
    11     0.01                                    
    12     0.01                                    
    13     0.01                                    
    14     0.01                                    
    15     0.02                                    
--------------------------------------------------------------

1
